{
  "stats": {
    "suites": 1,
    "tests": 1,
    "passes": 1,
    "pending": 0,
    "failures": 0,
    "start": "2022-11-19T04:42:26.367Z",
    "end": "2022-11-19T04:42:27.629Z",
    "duration": 1262,
    "testsRegistered": 1,
    "passPercent": 100,
    "pendingPercent": 0,
    "other": 0,
    "hasOther": false,
    "skipped": 0,
    "hasSkipped": false
  },
  "results": [
    {
      "uuid": "790a5d65-f5a9-4b2a-ade3-9c222d285832",
      "title": "",
      "fullFile": "F:\\Hafizh\\WORK\\BootCamp\\Project\\cilsyAPI\\tests\\scenarios\\list-user.test.js",
      "file": "\\tests\\scenarios\\list-user.test.js",
      "beforeHooks": [],
      "afterHooks": [],
      "tests": [],
      "suites": [
        {
          "uuid": "02d0a6c5-8ce9-4b79-80e6-842229a7c36f",
          "title": "List User",
          "fullFile": "F:\\Hafizh\\WORK\\BootCamp\\Project\\cilsyAPI\\tests\\scenarios\\list-user.test.js",
          "file": "\\tests\\scenarios\\list-user.test.js",
          "beforeHooks": [],
          "afterHooks": [],
          "tests": [
            {
              "title": "dfdfd",
              "fullTitle": "List User dfdfd",
              "timedOut": false,
              "duration": 1251,
              "state": "passed",
              "speed": "slow",
              "pass": true,
              "fail": false,
              "pending": false,
              "context": null,
              "code": "const param = getParams(data.LIST_USER_PARAM['page']);\nconst response = await reqresApi.listUser(param);\nassert.equal(response.status, 200)",
              "err": {},
              "uuid": "04c8f5a7-c211-44a0-a3f1-22cf01cfa384",
              "parentUUID": "02d0a6c5-8ce9-4b79-80e6-842229a7c36f",
              "isHook": false,
              "skipped": false
            }
          ],
          "suites": [],
          "passes": [
            "04c8f5a7-c211-44a0-a3f1-22cf01cfa384"
          ],
          "failures": [],
          "pending": [],
          "skipped": [],
          "duration": 1251,
          "root": false,
          "rootEmpty": false,
          "_timeout": 2000
        }
      ],
      "passes": [],
      "failures": [],
      "pending": [],
      "skipped": [],
      "duration": 0,
      "root": true,
      "rootEmpty": true,
      "_timeout": 2000
    }
  ],
  "meta": {
    "mocha": {
      "version": "10.1.0"
    },
    "mochawesome": {
      "options": {
        "quiet": false,
        "reportFilename": "mochawesome",
        "saveHtml": true,
        "saveJson": true,
        "consoleReporter": "spec",
        "useInlineDiffs": false,
        "code": true
      },
      "version": "7.1.3"
    },
    "marge": {
      "options": {
        "reportDir": "reports"
      },
      "version": "6.2.0"
    }
  }
}